<?xml version="1.0" encoding="UTF-8"?>
<!-- Generated by org.testng.reporters.JUnitXMLReporter -->
<testsuite hostname="Administrators-MacBook-Pro-9.local" ignored="0" name="My Applications Test Cases" tests="4" failures="1" timestamp="24 Jul 2018 02:27:05 GMT" time="21.87" errors="0">
  <testcase name="freeCrmTitleTest" time="0.017" classname="TestNGSessions.FreeCrmTest"/>
  <testcase name="facebookTitleTest" time="1.51" classname="TestNGSessions.FacebookTest">
    <failure type="java.lang.AssertionError" message="expected [Facebook] but found [Facebook – log in or sign up]">
      <![CDATA[java.lang.AssertionError: expected [Facebook] but found [Facebook – log in or sign up]
at TestNGSessions.FacebookTest.facebookTitleTest(FacebookTest.java:32)
... Removed 31 stack frames]]>
    </failure>
  </testcase> <!-- facebookTitleTest -->
  <testcase name="googleTitleTest" time="0.008" classname="TestNGSessions.GoogleTest"/>
  <testcase name="freeCrmLogoTest" time="0.035" classname="TestNGSessions.FreeCrmTest"/>
</testsuite> <!-- My Applications Test Cases -->
