<?xml version="1.0" encoding="UTF-8"?>
<testng-results skipped="0" failed="1" ignored="0" total="4" passed="3">
  <reporter-output>
  </reporter-output>
  <suite name="My Test Automation Suite" duration-ms="21870" started-at="2018-07-24T02:26:43Z" finished-at="2018-07-24T02:27:05Z">
    <groups>
    </groups>
    <test name="My Applications Test Cases" duration-ms="21870" started-at="2018-07-24T02:26:43Z" finished-at="2018-07-24T02:27:05Z">
      <class name="TestNGSessions.FreeCrmTest">
        <test-method status="PASS" signature="setUp()[pri:0, instance:TestNGSessions.FreeCrmTest@77f99a05]" name="setUp" is-config="true" duration-ms="5668" started-at="2018-07-24T02:26:43Z" finished-at="2018-07-24T02:26:49Z">
          <reporter-output>
          </reporter-output>
        </test-method> <!-- setUp -->
        <test-method status="PASS" signature="freeCrmTitleTest()[pri:1, instance:TestNGSessions.FreeCrmTest@77f99a05]" name="freeCrmTitleTest" duration-ms="17" started-at="2018-07-24T02:26:49Z" finished-at="2018-07-24T02:26:49Z">
          <reporter-output>
          </reporter-output>
        </test-method> <!-- freeCrmTitleTest -->
        <test-method status="PASS" signature="tearDown()[pri:0, instance:TestNGSessions.FreeCrmTest@77f99a05]" name="tearDown" is-config="true" duration-ms="107" started-at="2018-07-24T02:26:49Z" finished-at="2018-07-24T02:26:49Z">
          <reporter-output>
          </reporter-output>
        </test-method> <!-- tearDown -->
        <test-method status="PASS" signature="setUp()[pri:0, instance:TestNGSessions.FreeCrmTest@77f99a05]" name="setUp" is-config="true" duration-ms="6222" started-at="2018-07-24T02:26:58Z" finished-at="2018-07-24T02:27:05Z">
          <reporter-output>
          </reporter-output>
        </test-method> <!-- setUp -->
        <test-method status="PASS" signature="freeCrmLogoTest()[pri:2, instance:TestNGSessions.FreeCrmTest@77f99a05]" name="freeCrmLogoTest" duration-ms="35" started-at="2018-07-24T02:27:05Z" finished-at="2018-07-24T02:27:05Z">
          <reporter-output>
          </reporter-output>
        </test-method> <!-- freeCrmLogoTest -->
        <test-method status="PASS" signature="tearDown()[pri:0, instance:TestNGSessions.FreeCrmTest@77f99a05]" name="tearDown" is-config="true" duration-ms="94" started-at="2018-07-24T02:27:05Z" finished-at="2018-07-24T02:27:05Z">
          <reporter-output>
          </reporter-output>
        </test-method> <!-- tearDown -->
      </class> <!-- TestNGSessions.FreeCrmTest -->
      <class name="TestNGSessions.GoogleTest">
        <test-method status="PASS" signature="setUp()[pri:0, instance:TestNGSessions.GoogleTest@3aeaafa6]" name="setUp" is-config="true" duration-ms="4930" started-at="2018-07-24T02:26:53Z" finished-at="2018-07-24T02:26:58Z">
          <reporter-output>
          </reporter-output>
        </test-method> <!-- setUp -->
        <test-method status="PASS" signature="googleTitleTest()[pri:1, instance:TestNGSessions.GoogleTest@3aeaafa6]" name="googleTitleTest" duration-ms="8" started-at="2018-07-24T02:26:58Z" finished-at="2018-07-24T02:26:58Z">
          <reporter-output>
          </reporter-output>
        </test-method> <!-- googleTitleTest -->
        <test-method status="PASS" signature="tearDown()[pri:0, instance:TestNGSessions.GoogleTest@3aeaafa6]" name="tearDown" is-config="true" duration-ms="97" started-at="2018-07-24T02:26:58Z" finished-at="2018-07-24T02:26:58Z">
          <reporter-output>
          </reporter-output>
        </test-method> <!-- tearDown -->
      </class> <!-- TestNGSessions.GoogleTest -->
      <class name="TestNGSessions.FacebookTest">
        <test-method status="PASS" signature="setUp()[pri:0, instance:TestNGSessions.FacebookTest@63440df3]" name="setUp" is-config="true" duration-ms="3049" started-at="2018-07-24T02:26:49Z" finished-at="2018-07-24T02:26:52Z">
          <reporter-output>
          </reporter-output>
        </test-method> <!-- setUp -->
        <test-method status="FAIL" signature="facebookTitleTest()[pri:1, instance:TestNGSessions.FacebookTest@63440df3]" name="facebookTitleTest" duration-ms="1510" started-at="2018-07-24T02:26:52Z" finished-at="2018-07-24T02:26:53Z">
          <exception class="java.lang.AssertionError">
            <message>
              <![CDATA[expected [Facebook] but found [Facebook – log in or sign up]]]>
            </message>
            <full-stacktrace>
              <![CDATA[java.lang.AssertionError: expected [Facebook] but found [Facebook – log in or sign up]
at org.testng.Assert.fail(Assert.java:96)
at org.testng.Assert.failNotEquals(Assert.java:776)
at org.testng.Assert.assertEqualsImpl(Assert.java:137)
at org.testng.Assert.assertEquals(Assert.java:118)
at org.testng.Assert.assertEquals(Assert.java:453)
at org.testng.Assert.assertEquals(Assert.java:463)
at TestNGSessions.FacebookTest.facebookTitleTest(FacebookTest.java:32)
at sun.reflect.NativeMethodAccessorImpl.invoke0(Native Method)
at sun.reflect.NativeMethodAccessorImpl.invoke(NativeMethodAccessorImpl.java:62)
at sun.reflect.DelegatingMethodAccessorImpl.invoke(DelegatingMethodAccessorImpl.java:43)
at java.lang.reflect.Method.invoke(Method.java:498)
at org.testng.internal.MethodInvocationHelper.invokeMethod(MethodInvocationHelper.java:124)
at org.testng.internal.Invoker.invokeMethod(Invoker.java:580)
at org.testng.internal.Invoker.invokeTestMethod(Invoker.java:716)
at org.testng.internal.Invoker.invokeTestMethods(Invoker.java:988)
at org.testng.internal.TestMethodWorker.invokeTestMethods(TestMethodWorker.java:125)
at org.testng.internal.TestMethodWorker.run(TestMethodWorker.java:109)
at org.testng.TestRunner.privateRun(TestRunner.java:648)
at org.testng.TestRunner.run(TestRunner.java:505)
at org.testng.SuiteRunner.runTest(SuiteRunner.java:455)
at org.testng.SuiteRunner.runSequentially(SuiteRunner.java:450)
at org.testng.SuiteRunner.privateRun(SuiteRunner.java:415)
at org.testng.SuiteRunner.run(SuiteRunner.java:364)
at org.testng.SuiteRunnerWorker.runSuite(SuiteRunnerWorker.java:52)
at org.testng.SuiteRunnerWorker.run(SuiteRunnerWorker.java:84)
at org.testng.TestNG.runSuitesSequentially(TestNG.java:1208)
at org.testng.TestNG.runSuitesLocally(TestNG.java:1137)
at org.testng.TestNG.runSuites(TestNG.java:1049)
at org.testng.TestNG.run(TestNG.java:1017)
at org.testng.remote.AbstractRemoteTestNG.run(AbstractRemoteTestNG.java:114)
at org.testng.remote.RemoteTestNG.initAndRun(RemoteTestNG.java:251)
at org.testng.remote.RemoteTestNG.main(RemoteTestNG.java:77)
]]>
            </full-stacktrace>
          </exception> <!-- java.lang.AssertionError -->
          <reporter-output>
          </reporter-output>
        </test-method> <!-- facebookTitleTest -->
        <test-method status="PASS" signature="tearDown()[pri:0, instance:TestNGSessions.FacebookTest@63440df3]" name="tearDown" is-config="true" duration-ms="106" started-at="2018-07-24T02:26:53Z" finished-at="2018-07-24T02:26:53Z">
          <reporter-output>
          </reporter-output>
        </test-method> <!-- tearDown -->
      </class> <!-- TestNGSessions.FacebookTest -->
    </test> <!-- My Applications Test Cases -->
  </suite> <!-- My Test Automation Suite -->
</testng-results>
